<?xml version="1.0" encoding="UTF-8"?>
<!-- Generated by org.testng.reporters.JUnitReportReporter -->
<testsuite hostname="Dipal" failures="0" tests="1" name="TestPackage.PasswordTestCase" time="1.661" errors="0" timestamp="2023-04-19T12:58:48 EDT" skipped="0">
  <testcase classname="TestPackage.PasswordTestCase" name="validPassword" time="1.661"/>
  <system-out/>
</testsuite> <!-- TestPackage.PasswordTestCase -->
