<?xml version="1.0" encoding="UTF-8"?>
<!-- Generated by org.testng.reporters.JUnitReportReporter -->
<testsuite hostname="Dipal" failures="0" tests="1" name="TestPackage.SignInTestCases" time="0.865" errors="0" timestamp="2023-04-19T12:49:56 EDT" skipped="0">
  <testcase classname="TestPackage.SignInTestCases" name="validUserName" time="0.865"/>
  <system-out/>
</testsuite> <!-- TestPackage.SignInTestCases -->
