<?xml version="1.0" encoding="UTF-8"?>
<!-- Generated by org.testng.reporters.JUnitReportReporter -->
<testsuite hostname="Dipal" failures="0" tests="1" name="TestPackage.CustHomeTestCases" time="11.080" errors="0" timestamp="2023-04-22T10:19:28 EDT" skipped="0">
  <testcase classname="TestPackage.CustHomeTestCases" name="openHomePage" time="11.080"/>
  <system-out/>
</testsuite> <!-- TestPackage.CustHomeTestCases -->
